Tue 12 Mar 2024 15:18:53 INFO  ['run_vae_experiment_2.py', '{\n    "model":"RecVAE", "mlp_hidden_size":[64], "latent_dim":32, "epochs":30, "eval_batch_size":2048, "train_batch_size":2048, \n    "data_path": "/home/developer/Documents/GitHub/System_Rekomendacyjny_z_VAE/Praktyka/recbole_test/dataset",\n    "dataset": "indiana_large",\n    "eval_args": {\n        "split": {"RS": [0.8, 0.1, 0.1]},\n        "order": "RO",\n        "group_by": "user",\n        "mode": {"valid": "uni100", "test": "uni100"},\n        "valid_neg_sample_args": {"distribution": "uniform", "sample_num": 1},\n        "test_neg_sample_args": {"distribution": "uniform", "sample_num": 1}\n    },\n    "metrics": ["Recall", "MRR", "NDCG", "Hit", "Precision"]}']
Tue 12 Mar 2024 15:18:53 INFO  
General Hyper Parameters:
gpu_id = 0
use_gpu = True
seed = 2020
state = INFO
reproducibility = True
data_path = /home/developer/Documents/GitHub/System_Rekomendacyjny_z_VAE/Praktyka/recbole_test/dataset/indiana_large
checkpoint_dir = saved
show_progress = True
save_dataset = False
dataset_save_path = None
save_dataloaders = False
dataloaders_save_path = None
log_wandb = False

Training Hyper Parameters:
epochs = 30
train_batch_size = 2048
learner = adam
learning_rate = 0.001
train_neg_sample_args = {'distribution': 'uniform', 'sample_num': 1, 'alpha': 1.0, 'dynamic': False, 'candidate_num': 0}
eval_step = 1
stopping_step = 10
clip_grad_norm = None
weight_decay = 0.0
loss_decimal_place = 4

Evaluation Hyper Parameters:
eval_args = {'split': {'RS': [0.8, 0.1, 0.1]}, 'order': 'RO', 'group_by': 'user', 'mode': {'valid': 'uni100', 'test': 'uni100'}, 'valid_neg_sample_args': {'distribution': 'uniform', 'sample_num': 1}, 'test_neg_sample_args': {'distribution': 'uniform', 'sample_num': 1}}
repeatable = False
metrics = ['Recall', 'MRR', 'NDCG', 'Hit', 'Precision']
topk = [10]
valid_metric = MRR@10
valid_metric_bigger = True
eval_batch_size = 2048
metric_decimal_place = 4

Dataset Hyper Parameters:
field_separator = 	
seq_separator =  
USER_ID_FIELD = user_id
ITEM_ID_FIELD = item_id
RATING_FIELD = rating
TIME_FIELD = timestamp
seq_len = None
LABEL_FIELD = label
threshold = None
NEG_PREFIX = neg_
load_col = {'inter': ['user_id', 'item_id']}
unload_col = None
unused_col = None
additional_feat_suffix = None
rm_dup_inter = None
val_interval = None
filter_inter_by_user_or_item = True
user_inter_num_interval = [0,inf)
item_inter_num_interval = [0,inf)
alias_of_user_id = None
alias_of_item_id = None
alias_of_entity_id = None
alias_of_relation_id = None
preload_weight = None
normalize_field = None
normalize_all = None
ITEM_LIST_LENGTH_FIELD = item_length
LIST_SUFFIX = _list
MAX_ITEM_LIST_LENGTH = 50
POSITION_FIELD = position_id
HEAD_ENTITY_ID_FIELD = head_id
TAIL_ENTITY_ID_FIELD = tail_id
RELATION_ID_FIELD = relation_id
ENTITY_ID_FIELD = entity_id
benchmark_filename = None

Other Hyper Parameters: 
worker = 0
wandb_project = recbole
shuffle = True
require_pow = False
enable_amp = False
enable_scaler = False
transform = None
hidden_dimension = 600
latent_dimension = 200
dropout_prob = 0.5
beta = 0.2
gamma = 0.005
mixture_weights = [0.15, 0.75, 0.1]
n_enc_epochs = 3
n_dec_epochs = 1
numerical_features = []
discretization = None
kg_reverse_r = False
entity_kg_num_interval = [0,inf)
relation_kg_num_interval = [0,inf)
MODEL_TYPE = ModelType.GENERAL
mlp_hidden_size = [64]
latent_dim = 32
MODEL_INPUT_TYPE = InputType.PAIRWISE
eval_type = EvaluatorType.RANKING
single_spec = True
local_rank = 0
device = cuda
valid_neg_sample_args = {'distribution': 'uniform', 'sample_num': 100}
test_neg_sample_args = {'distribution': 'uniform', 'sample_num': 100}


Tue 12 Mar 2024 15:19:01 INFO  indiana_large
The number of users: 1027253
Average actions of users: 3.5312007180321867
The number of items: 3711
Average actions of items: 977.74474393531
The number of inters: 3627433
The sparsity of the dataset: 99.90484512852292%
Remain Fields: ['user_id', 'item_id']
Tue 12 Mar 2024 15:19:14 INFO  [Training]: train_batch_size = [2048] train_neg_sample_args: [{'distribution': 'uniform', 'sample_num': 1, 'alpha': 1.0, 'dynamic': False, 'candidate_num': 0}]
Tue 12 Mar 2024 15:19:14 INFO  [Evaluation]: eval_batch_size = [2048] eval_args: [{'split': {'RS': [0.8, 0.1, 0.1]}, 'order': 'RO', 'group_by': 'user', 'mode': {'valid': 'uni100', 'test': 'uni100'}, 'valid_neg_sample_args': {'distribution': 'uniform', 'sample_num': 1}, 'test_neg_sample_args': {'distribution': 'uniform', 'sample_num': 1}}]
Tue 12 Mar 2024 15:19:17 INFO  RecVAE(
  (encoder): Encoder(
    (fc1): Linear(in_features=3711, out_features=600, bias=True)
    (ln1): LayerNorm((600,), eps=0.1, elementwise_affine=True)
    (fc2): Linear(in_features=600, out_features=600, bias=True)
    (ln2): LayerNorm((600,), eps=0.1, elementwise_affine=True)
    (fc3): Linear(in_features=600, out_features=600, bias=True)
    (ln3): LayerNorm((600,), eps=0.1, elementwise_affine=True)
    (fc4): Linear(in_features=600, out_features=600, bias=True)
    (ln4): LayerNorm((600,), eps=0.1, elementwise_affine=True)
    (fc5): Linear(in_features=600, out_features=600, bias=True)
    (ln5): LayerNorm((600,), eps=0.1, elementwise_affine=True)
    (fc_mu): Linear(in_features=600, out_features=200, bias=True)
    (fc_logvar): Linear(in_features=600, out_features=200, bias=True)
  )
  (prior): CompositePrior(
    (encoder_old): Encoder(
      (fc1): Linear(in_features=3711, out_features=600, bias=True)
      (ln1): LayerNorm((600,), eps=0.1, elementwise_affine=True)
      (fc2): Linear(in_features=600, out_features=600, bias=True)
      (ln2): LayerNorm((600,), eps=0.1, elementwise_affine=True)
      (fc3): Linear(in_features=600, out_features=600, bias=True)
      (ln3): LayerNorm((600,), eps=0.1, elementwise_affine=True)
      (fc4): Linear(in_features=600, out_features=600, bias=True)
      (ln4): LayerNorm((600,), eps=0.1, elementwise_affine=True)
      (fc5): Linear(in_features=600, out_features=600, bias=True)
      (ln5): LayerNorm((600,), eps=0.1, elementwise_affine=True)
      (fc_mu): Linear(in_features=600, out_features=200, bias=True)
      (fc_logvar): Linear(in_features=600, out_features=200, bias=True)
    )
  )
  (decoder): Linear(in_features=200, out_features=3711, bias=True)
)
Trainable parameters: 4661911
Tue 12 Mar 2024 15:19:17 INFO  FLOPs: 4654800.0
Tue 12 Mar 2024 15:19:46 INFO  epoch 0 training [time: 28.26s, train loss: 2007.2202]
Tue 12 Mar 2024 15:33:37 INFO  epoch 0 evaluating [time: 831.01s, valid_score: 0.355600]
Tue 12 Mar 2024 15:33:37 INFO  valid result: 
recall@10 : 0.6047    mrr@10 : 0.3556    ndcg@10 : 0.4073    hit@10 : 0.6288    precision@10 : 0.0694
Tue 12 Mar 2024 15:33:37 INFO  Saving current: saved/RecVAE-Mar-12-2024_15-19-17.pth
Tue 12 Mar 2024 15:34:05 INFO  epoch 1 training [time: 28.07s, train loss: 1544.7834]
Tue 12 Mar 2024 15:49:20 INFO  epoch 1 evaluating [time: 915.06s, valid_score: 0.507500]
Tue 12 Mar 2024 15:49:20 INFO  valid result: 
recall@10 : 0.8103    mrr@10 : 0.5075    ndcg@10 : 0.5725    hit@10 : 0.8327    precision@10 : 0.091
Tue 12 Mar 2024 15:49:20 INFO  Saving current: saved/RecVAE-Mar-12-2024_15-19-17.pth
Tue 12 Mar 2024 15:49:48 INFO  epoch 2 training [time: 27.70s, train loss: 1721.8350]
Tue 12 Mar 2024 16:03:39 INFO  epoch 2 evaluating [time: 831.58s, valid_score: 0.520500]
Tue 12 Mar 2024 16:03:39 INFO  valid result: 
recall@10 : 0.8205    mrr@10 : 0.5205    ndcg@10 : 0.5849    hit@10 : 0.8425    precision@10 : 0.0921
Tue 12 Mar 2024 16:03:39 INFO  Saving current: saved/RecVAE-Mar-12-2024_15-19-17.pth
Tue 12 Mar 2024 16:04:07 INFO  epoch 3 training [time: 27.87s, train loss: 1878.8229]
Tue 12 Mar 2024 16:18:37 INFO  epoch 3 evaluating [time: 869.32s, valid_score: 0.524800]
Tue 12 Mar 2024 16:18:37 INFO  valid result: 
recall@10 : 0.8239    mrr@10 : 0.5248    ndcg@10 : 0.5889    hit@10 : 0.8458    precision@10 : 0.0925
Tue 12 Mar 2024 16:18:37 INFO  Saving current: saved/RecVAE-Mar-12-2024_15-19-17.pth
Tue 12 Mar 2024 16:19:05 INFO  epoch 4 training [time: 27.95s, train loss: 1984.0793]
Tue 12 Mar 2024 16:32:52 INFO  epoch 4 evaluating [time: 827.80s, valid_score: 0.525800]
Tue 12 Mar 2024 16:32:52 INFO  valid result: 
recall@10 : 0.8248    mrr@10 : 0.5258    ndcg@10 : 0.5899    hit@10 : 0.8465    precision@10 : 0.0926
Tue 12 Mar 2024 16:32:53 INFO  Saving current: saved/RecVAE-Mar-12-2024_15-19-17.pth
Tue 12 Mar 2024 16:33:20 INFO  epoch 5 training [time: 27.94s, train loss: 2121.2280]
Tue 12 Mar 2024 16:49:01 INFO  epoch 5 evaluating [time: 941.01s, valid_score: 0.527000]
Tue 12 Mar 2024 16:49:01 INFO  valid result: 
recall@10 : 0.826    mrr@10 : 0.527    ndcg@10 : 0.591    hit@10 : 0.8478    precision@10 : 0.0927
Tue 12 Mar 2024 16:49:02 INFO  Saving current: saved/RecVAE-Mar-12-2024_15-19-17.pth
Tue 12 Mar 2024 16:49:30 INFO  epoch 6 training [time: 28.18s, train loss: 2278.1474]
Tue 12 Mar 2024 17:05:31 INFO  epoch 6 evaluating [time: 961.56s, valid_score: 0.528300]
Tue 12 Mar 2024 17:05:31 INFO  valid result: 
recall@10 : 0.826    mrr@10 : 0.5283    ndcg@10 : 0.5921    hit@10 : 0.8479    precision@10 : 0.0928
Tue 12 Mar 2024 17:05:31 INFO  Saving current: saved/RecVAE-Mar-12-2024_15-19-17.pth
Tue 12 Mar 2024 17:05:59 INFO  epoch 7 training [time: 28.09s, train loss: 2396.6407]
Tue 12 Mar 2024 17:20:52 INFO  epoch 7 evaluating [time: 892.27s, valid_score: 0.528700]
Tue 12 Mar 2024 17:20:52 INFO  valid result: 
recall@10 : 0.827    mrr@10 : 0.5287    ndcg@10 : 0.5926    hit@10 : 0.8488    precision@10 : 0.0928
Tue 12 Mar 2024 17:20:52 INFO  Saving current: saved/RecVAE-Mar-12-2024_15-19-17.pth
Tue 12 Mar 2024 17:21:20 INFO  epoch 8 training [time: 28.41s, train loss: 2511.0786]
Tue 12 Mar 2024 17:35:46 INFO  epoch 8 evaluating [time: 865.47s, valid_score: 0.529600]
Tue 12 Mar 2024 17:35:46 INFO  valid result: 
recall@10 : 0.8276    mrr@10 : 0.5296    ndcg@10 : 0.5934    hit@10 : 0.8493    precision@10 : 0.0929
Tue 12 Mar 2024 17:35:46 INFO  Saving current: saved/RecVAE-Mar-12-2024_15-19-17.pth
Tue 12 Mar 2024 17:36:14 INFO  epoch 9 training [time: 28.23s, train loss: 2612.3539]
Tue 12 Mar 2024 17:50:18 INFO  epoch 9 evaluating [time: 844.12s, valid_score: 0.529700]
Tue 12 Mar 2024 17:50:18 INFO  valid result: 
recall@10 : 0.8282    mrr@10 : 0.5297    ndcg@10 : 0.5937    hit@10 : 0.85    precision@10 : 0.093
Tue 12 Mar 2024 17:50:18 INFO  Saving current: saved/RecVAE-Mar-12-2024_15-19-17.pth
Tue 12 Mar 2024 17:50:47 INFO  epoch 10 training [time: 28.51s, train loss: 2629.1409]
Tue 12 Mar 2024 18:05:03 INFO  epoch 10 evaluating [time: 856.56s, valid_score: 0.529900]
Tue 12 Mar 2024 18:05:03 INFO  valid result: 
recall@10 : 0.8283    mrr@10 : 0.5299    ndcg@10 : 0.5938    hit@10 : 0.8501    precision@10 : 0.093
Tue 12 Mar 2024 18:05:03 INFO  Saving current: saved/RecVAE-Mar-12-2024_15-19-17.pth
Tue 12 Mar 2024 18:05:31 INFO  epoch 11 training [time: 28.28s, train loss: 2746.1187]
Tue 12 Mar 2024 18:19:37 INFO  epoch 11 evaluating [time: 845.99s, valid_score: 0.530700]
Tue 12 Mar 2024 18:19:37 INFO  valid result: 
recall@10 : 0.8288    mrr@10 : 0.5307    ndcg@10 : 0.5945    hit@10 : 0.8506    precision@10 : 0.093
Tue 12 Mar 2024 18:19:38 INFO  Saving current: saved/RecVAE-Mar-12-2024_15-19-17.pth
Tue 12 Mar 2024 18:20:06 INFO  epoch 12 training [time: 28.62s, train loss: 2799.9799]
Tue 12 Mar 2024 18:35:07 INFO  epoch 12 evaluating [time: 901.06s, valid_score: 0.531800]
Tue 12 Mar 2024 18:35:07 INFO  valid result: 
recall@10 : 0.8292    mrr@10 : 0.5318    ndcg@10 : 0.5954    hit@10 : 0.8509    precision@10 : 0.093
Tue 12 Mar 2024 18:35:07 INFO  Saving current: saved/RecVAE-Mar-12-2024_15-19-17.pth
Tue 12 Mar 2024 18:35:35 INFO  epoch 13 training [time: 28.16s, train loss: 2872.6509]
Tue 12 Mar 2024 18:50:07 INFO  epoch 13 evaluating [time: 871.63s, valid_score: 0.532300]
Tue 12 Mar 2024 18:50:07 INFO  valid result: 
recall@10 : 0.8291    mrr@10 : 0.5323    ndcg@10 : 0.5958    hit@10 : 0.8509    precision@10 : 0.093
Tue 12 Mar 2024 18:50:07 INFO  Saving current: saved/RecVAE-Mar-12-2024_15-19-17.pth
Tue 12 Mar 2024 18:50:36 INFO  epoch 14 training [time: 28.69s, train loss: 2941.4123]
Tue 12 Mar 2024 19:05:00 INFO  epoch 14 evaluating [time: 864.22s, valid_score: 0.532100]
Tue 12 Mar 2024 19:05:00 INFO  valid result: 
recall@10 : 0.8288    mrr@10 : 0.5321    ndcg@10 : 0.5955    hit@10 : 0.8506    precision@10 : 0.093
Tue 12 Mar 2024 19:05:28 INFO  epoch 15 training [time: 28.32s, train loss: 2976.4858]
Tue 12 Mar 2024 19:19:48 INFO  epoch 15 evaluating [time: 859.37s, valid_score: 0.531400]
Tue 12 Mar 2024 19:19:48 INFO  valid result: 
recall@10 : 0.8294    mrr@10 : 0.5314    ndcg@10 : 0.5953    hit@10 : 0.8513    precision@10 : 0.0931
Tue 12 Mar 2024 19:20:16 INFO  epoch 16 training [time: 28.22s, train loss: 3036.3889]
Tue 12 Mar 2024 19:37:34 INFO  epoch 16 evaluating [time: 1038.32s, valid_score: 0.531300]
Tue 12 Mar 2024 19:37:34 INFO  valid result: 
recall@10 : 0.8293    mrr@10 : 0.5313    ndcg@10 : 0.5951    hit@10 : 0.851    precision@10 : 0.093
Tue 12 Mar 2024 19:38:03 INFO  epoch 17 training [time: 28.25s, train loss: 3122.4291]
Tue 12 Mar 2024 19:55:14 INFO  epoch 17 evaluating [time: 1031.94s, valid_score: 0.533500]
Tue 12 Mar 2024 19:55:14 INFO  valid result: 
recall@10 : 0.8296    mrr@10 : 0.5335    ndcg@10 : 0.5969    hit@10 : 0.8514    precision@10 : 0.0931
Tue 12 Mar 2024 19:55:15 INFO  Saving current: saved/RecVAE-Mar-12-2024_15-19-17.pth
Tue 12 Mar 2024 19:55:43 INFO  epoch 18 training [time: 28.27s, train loss: 3192.5949]
Tue 12 Mar 2024 20:12:36 INFO  epoch 18 evaluating [time: 1013.49s, valid_score: 0.532000]
Tue 12 Mar 2024 20:12:36 INFO  valid result: 
recall@10 : 0.8297    mrr@10 : 0.532    ndcg@10 : 0.5957    hit@10 : 0.8515    precision@10 : 0.0931
Tue 12 Mar 2024 20:13:05 INFO  epoch 19 training [time: 28.26s, train loss: 3213.2249]
Tue 12 Mar 2024 20:26:44 INFO  epoch 19 evaluating [time: 819.02s, valid_score: 0.532900]
Tue 12 Mar 2024 20:26:44 INFO  valid result: 
recall@10 : 0.8298    mrr@10 : 0.5329    ndcg@10 : 0.5965    hit@10 : 0.8516    precision@10 : 0.0931
Tue 12 Mar 2024 20:27:12 INFO  epoch 20 training [time: 28.45s, train loss: 3245.0722]
Tue 12 Mar 2024 20:42:47 INFO  epoch 20 evaluating [time: 934.51s, valid_score: 0.532100]
Tue 12 Mar 2024 20:42:47 INFO  valid result: 
recall@10 : 0.8299    mrr@10 : 0.5321    ndcg@10 : 0.5959    hit@10 : 0.8518    precision@10 : 0.0931
Tue 12 Mar 2024 20:43:15 INFO  epoch 21 training [time: 28.97s, train loss: 3278.3974]
Tue 12 Mar 2024 20:59:05 INFO  epoch 21 evaluating [time: 949.21s, valid_score: 0.533400]
Tue 12 Mar 2024 20:59:05 INFO  valid result: 
recall@10 : 0.8305    mrr@10 : 0.5334    ndcg@10 : 0.597    hit@10 : 0.8522    precision@10 : 0.0932
Tue 12 Mar 2024 20:59:33 INFO  epoch 22 training [time: 28.57s, train loss: 3342.4918]
Tue 12 Mar 2024 21:15:50 INFO  epoch 22 evaluating [time: 976.43s, valid_score: 0.533000]
Tue 12 Mar 2024 21:15:50 INFO  valid result: 
recall@10 : 0.8299    mrr@10 : 0.533    ndcg@10 : 0.5965    hit@10 : 0.8516    precision@10 : 0.0931
Tue 12 Mar 2024 21:16:18 INFO  epoch 23 training [time: 28.37s, train loss: 3375.7756]
Tue 12 Mar 2024 21:32:41 INFO  epoch 23 evaluating [time: 983.16s, valid_score: 0.533300]
Tue 12 Mar 2024 21:32:41 INFO  valid result: 
recall@10 : 0.83    mrr@10 : 0.5333    ndcg@10 : 0.5968    hit@10 : 0.8517    precision@10 : 0.0931
Tue 12 Mar 2024 21:33:10 INFO  epoch 24 training [time: 28.53s, train loss: 3385.1707]
