Mon 11 Mar 2024 09:10:58 INFO  ['run_vae_experiment_2.py', '{\n    "model":"RecVAE", "mlp_hidden_size":[64], "latent_dim":32, "epochs":30, "eval_batch_size":2048, "train_batch_size":2048, \n    "data_path": "/home/developer/Documents/GitHub/System_Rekomendacyjny_z_VAE/Praktyka/recbole_test/dataset",\n    "dataset": "alabama",\n    "eval_args": {\n        "split": {"RS": [0.8, 0.1, 0.1]},\n        "order": "RO",\n        "group_by": "user",\n        "mode": {"valid": "uni100", "test": "uni100"},\n        "valid_neg_sample_args": {"distribution": "uniform", "sample_num": 1},\n        "test_neg_sample_args": {"distribution": "uniform", "sample_num": 1}\n    },\n    "metrics": ["Recall", "MRR", "NDCG", "Hit", "Precision"]}']
Mon 11 Mar 2024 09:10:58 INFO  
General Hyper Parameters:
gpu_id = 0
use_gpu = True
seed = 2020
state = INFO
reproducibility = True
data_path = /home/developer/Documents/GitHub/System_Rekomendacyjny_z_VAE/Praktyka/recbole_test/dataset/alabama
checkpoint_dir = saved
show_progress = True
save_dataset = False
dataset_save_path = None
save_dataloaders = False
dataloaders_save_path = None
log_wandb = False

Training Hyper Parameters:
epochs = 30
train_batch_size = 2048
learner = adam
learning_rate = 0.001
train_neg_sample_args = {'distribution': 'uniform', 'sample_num': 1, 'alpha': 1.0, 'dynamic': False, 'candidate_num': 0}
eval_step = 1
stopping_step = 10
clip_grad_norm = None
weight_decay = 0.0
loss_decimal_place = 4

Evaluation Hyper Parameters:
eval_args = {'split': {'RS': [0.8, 0.1, 0.1]}, 'order': 'RO', 'group_by': 'user', 'mode': {'valid': 'uni100', 'test': 'uni100'}, 'valid_neg_sample_args': {'distribution': 'uniform', 'sample_num': 1}, 'test_neg_sample_args': {'distribution': 'uniform', 'sample_num': 1}}
repeatable = False
metrics = ['Recall', 'MRR', 'NDCG', 'Hit', 'Precision']
topk = [10]
valid_metric = MRR@10
valid_metric_bigger = True
eval_batch_size = 2048
metric_decimal_place = 4

Dataset Hyper Parameters:
field_separator = 	
seq_separator =  
USER_ID_FIELD = user_id
ITEM_ID_FIELD = item_id
RATING_FIELD = rating
TIME_FIELD = timestamp
seq_len = None
LABEL_FIELD = label
threshold = None
NEG_PREFIX = neg_
load_col = {'inter': ['user_id', 'item_id']}
unload_col = None
unused_col = None
additional_feat_suffix = None
rm_dup_inter = None
val_interval = None
filter_inter_by_user_or_item = True
user_inter_num_interval = [0,inf)
item_inter_num_interval = [0,inf)
alias_of_user_id = None
alias_of_item_id = None
alias_of_entity_id = None
alias_of_relation_id = None
preload_weight = None
normalize_field = None
normalize_all = None
ITEM_LIST_LENGTH_FIELD = item_length
LIST_SUFFIX = _list
MAX_ITEM_LIST_LENGTH = 50
POSITION_FIELD = position_id
HEAD_ENTITY_ID_FIELD = head_id
TAIL_ENTITY_ID_FIELD = tail_id
RELATION_ID_FIELD = relation_id
ENTITY_ID_FIELD = entity_id
benchmark_filename = None

Other Hyper Parameters: 
worker = 0
wandb_project = recbole
shuffle = True
require_pow = False
enable_amp = False
enable_scaler = False
transform = None
hidden_dimension = 600
latent_dimension = 200
dropout_prob = 0.5
beta = 0.2
gamma = 0.005
mixture_weights = [0.15, 0.75, 0.1]
n_enc_epochs = 3
n_dec_epochs = 1
numerical_features = []
discretization = None
kg_reverse_r = False
entity_kg_num_interval = [0,inf)
relation_kg_num_interval = [0,inf)
MODEL_TYPE = ModelType.GENERAL
mlp_hidden_size = [64]
latent_dim = 32
MODEL_INPUT_TYPE = InputType.PAIRWISE
eval_type = EvaluatorType.RANKING
single_spec = True
local_rank = 0
device = cuda
valid_neg_sample_args = {'distribution': 'uniform', 'sample_num': 100}
test_neg_sample_args = {'distribution': 'uniform', 'sample_num': 100}


Mon 11 Mar 2024 09:11:06 INFO  alabama
The number of users: 1019878
Average actions of users: 3.8769635946295486
The number of items: 12235
Average actions of items: 323.1997711296387
The number of inters: 3954026
The sparsity of the dataset: 99.96831254766465%
Remain Fields: ['user_id', 'item_id']
Mon 11 Mar 2024 09:11:20 INFO  [Training]: train_batch_size = [2048] train_neg_sample_args: [{'distribution': 'uniform', 'sample_num': 1, 'alpha': 1.0, 'dynamic': False, 'candidate_num': 0}]
Mon 11 Mar 2024 09:11:20 INFO  [Evaluation]: eval_batch_size = [2048] eval_args: [{'split': {'RS': [0.8, 0.1, 0.1]}, 'order': 'RO', 'group_by': 'user', 'mode': {'valid': 'uni100', 'test': 'uni100'}, 'valid_neg_sample_args': {'distribution': 'uniform', 'sample_num': 1}, 'test_neg_sample_args': {'distribution': 'uniform', 'sample_num': 1}}]
Mon 11 Mar 2024 09:11:24 INFO  RecVAE(
  (encoder): Encoder(
    (fc1): Linear(in_features=12235, out_features=600, bias=True)
    (ln1): LayerNorm((600,), eps=0.1, elementwise_affine=True)
    (fc2): Linear(in_features=600, out_features=600, bias=True)
    (ln2): LayerNorm((600,), eps=0.1, elementwise_affine=True)
    (fc3): Linear(in_features=600, out_features=600, bias=True)
    (ln3): LayerNorm((600,), eps=0.1, elementwise_affine=True)
    (fc4): Linear(in_features=600, out_features=600, bias=True)
    (ln4): LayerNorm((600,), eps=0.1, elementwise_affine=True)
    (fc5): Linear(in_features=600, out_features=600, bias=True)
    (ln5): LayerNorm((600,), eps=0.1, elementwise_affine=True)
    (fc_mu): Linear(in_features=600, out_features=200, bias=True)
    (fc_logvar): Linear(in_features=600, out_features=200, bias=True)
  )
  (prior): CompositePrior(
    (encoder_old): Encoder(
      (fc1): Linear(in_features=12235, out_features=600, bias=True)
      (ln1): LayerNorm((600,), eps=0.1, elementwise_affine=True)
      (fc2): Linear(in_features=600, out_features=600, bias=True)
      (ln2): LayerNorm((600,), eps=0.1, elementwise_affine=True)
      (fc3): Linear(in_features=600, out_features=600, bias=True)
      (ln3): LayerNorm((600,), eps=0.1, elementwise_affine=True)
      (fc4): Linear(in_features=600, out_features=600, bias=True)
      (ln4): LayerNorm((600,), eps=0.1, elementwise_affine=True)
      (fc5): Linear(in_features=600, out_features=600, bias=True)
      (ln5): LayerNorm((600,), eps=0.1, elementwise_affine=True)
      (fc_mu): Linear(in_features=600, out_features=200, bias=True)
      (fc_logvar): Linear(in_features=600, out_features=200, bias=True)
    )
  )
  (decoder): Linear(in_features=200, out_features=12235, bias=True)
)
Trainable parameters: 11489635
Mon 11 Mar 2024 09:11:24 INFO  FLOPs: 11474000.0
Mon 11 Mar 2024 09:12:18 INFO  epoch 0 training [time: 53.93s, train loss: 6088.1961]
Mon 11 Mar 2024 09:29:01 INFO  epoch 0 evaluating [time: 1002.86s, valid_score: 0.234600]
Mon 11 Mar 2024 09:29:01 INFO  valid result: 
recall@10 : 0.4268    mrr@10 : 0.2346    ndcg@10 : 0.2673    hit@10 : 0.4686    precision@10 : 0.0523
Mon 11 Mar 2024 09:29:01 INFO  Saving current: saved/RecVAE-Mar-11-2024_09-11-24.pth
Mon 11 Mar 2024 09:29:55 INFO  epoch 1 training [time: 54.56s, train loss: 2615.9803]
Mon 11 Mar 2024 09:47:28 INFO  epoch 1 evaluating [time: 1052.71s, valid_score: 0.575900]
Mon 11 Mar 2024 09:47:28 INFO  valid result: 
recall@10 : 0.8324    mrr@10 : 0.5759    ndcg@10 : 0.6264    hit@10 : 0.86    precision@10 : 0.1009
Mon 11 Mar 2024 09:47:28 INFO  Saving current: saved/RecVAE-Mar-11-2024_09-11-24.pth
Mon 11 Mar 2024 09:48:23 INFO  epoch 2 training [time: 54.65s, train loss: 2523.5105]
Mon 11 Mar 2024 10:05:10 INFO  epoch 2 evaluating [time: 1007.59s, valid_score: 0.607300]
Mon 11 Mar 2024 10:05:10 INFO  valid result: 
recall@10 : 0.8597    mrr@10 : 0.6073    ndcg@10 : 0.657    hit@10 : 0.8857    precision@10 : 0.1041
Mon 11 Mar 2024 10:05:11 INFO  Saving current: saved/RecVAE-Mar-11-2024_09-11-24.pth
Mon 11 Mar 2024 10:06:05 INFO  epoch 3 training [time: 53.98s, train loss: 2585.1025]
Mon 11 Mar 2024 10:21:35 INFO  epoch 3 evaluating [time: 930.06s, valid_score: 0.614700]
Mon 11 Mar 2024 10:21:35 INFO  valid result: 
recall@10 : 0.8649    mrr@10 : 0.6147    ndcg@10 : 0.6641    hit@10 : 0.8907    precision@10 : 0.1047
Mon 11 Mar 2024 10:21:35 INFO  Saving current: saved/RecVAE-Mar-11-2024_09-11-24.pth
Mon 11 Mar 2024 10:22:29 INFO  epoch 4 training [time: 54.05s, train loss: 2659.6201]
Mon 11 Mar 2024 10:38:14 INFO  epoch 4 evaluating [time: 945.20s, valid_score: 0.618600]
Mon 11 Mar 2024 10:38:14 INFO  valid result: 
recall@10 : 0.8678    mrr@10 : 0.6186    ndcg@10 : 0.6677    hit@10 : 0.8933    precision@10 : 0.1051
Mon 11 Mar 2024 10:38:14 INFO  Saving current: saved/RecVAE-Mar-11-2024_09-11-24.pth
Mon 11 Mar 2024 10:39:08 INFO  epoch 5 training [time: 53.96s, train loss: 2760.0594]
Mon 11 Mar 2024 10:54:56 INFO  epoch 5 evaluating [time: 947.89s, valid_score: 0.621700]
Mon 11 Mar 2024 10:54:56 INFO  valid result: 
recall@10 : 0.87    mrr@10 : 0.6217    ndcg@10 : 0.6706    hit@10 : 0.8955    precision@10 : 0.1053
Mon 11 Mar 2024 10:54:56 INFO  Saving current: saved/RecVAE-Mar-11-2024_09-11-24.pth
Mon 11 Mar 2024 10:55:50 INFO  epoch 6 training [time: 53.57s, train loss: 2856.2302]
Mon 11 Mar 2024 11:11:35 INFO  epoch 6 evaluating [time: 944.94s, valid_score: 0.622900]
Mon 11 Mar 2024 11:11:35 INFO  valid result: 
recall@10 : 0.8703    mrr@10 : 0.6229    ndcg@10 : 0.6717    hit@10 : 0.8956    precision@10 : 0.1054
Mon 11 Mar 2024 11:11:35 INFO  Saving current: saved/RecVAE-Mar-11-2024_09-11-24.pth
Mon 11 Mar 2024 11:12:27 INFO  epoch 7 training [time: 52.61s, train loss: 2914.0777]
Mon 11 Mar 2024 11:28:30 INFO  epoch 7 evaluating [time: 962.45s, valid_score: 0.624100]
Mon 11 Mar 2024 11:28:30 INFO  valid result: 
recall@10 : 0.8712    mrr@10 : 0.6241    ndcg@10 : 0.6727    hit@10 : 0.8965    precision@10 : 0.1054
Mon 11 Mar 2024 11:28:30 INFO  Saving current: saved/RecVAE-Mar-11-2024_09-11-24.pth
Mon 11 Mar 2024 11:29:24 INFO  epoch 8 training [time: 53.87s, train loss: 3005.4640]
Mon 11 Mar 2024 11:46:24 INFO  epoch 8 evaluating [time: 1019.77s, valid_score: 0.625100]
Mon 11 Mar 2024 11:46:24 INFO  valid result: 
recall@10 : 0.8722    mrr@10 : 0.6251    ndcg@10 : 0.6736    hit@10 : 0.8977    precision@10 : 0.1055
Mon 11 Mar 2024 11:46:24 INFO  Saving current: saved/RecVAE-Mar-11-2024_09-11-24.pth
Mon 11 Mar 2024 11:47:18 INFO  epoch 9 training [time: 53.84s, train loss: 3058.4698]
Mon 11 Mar 2024 12:05:13 INFO  epoch 9 evaluating [time: 1075.91s, valid_score: 0.624900]
Mon 11 Mar 2024 12:05:13 INFO  valid result: 
recall@10 : 0.8725    mrr@10 : 0.6249    ndcg@10 : 0.6737    hit@10 : 0.8978    precision@10 : 0.1055
Mon 11 Mar 2024 12:06:07 INFO  epoch 10 training [time: 53.29s, train loss: 3127.1856]
Mon 11 Mar 2024 12:22:25 INFO  epoch 10 evaluating [time: 978.58s, valid_score: 0.625500]
Mon 11 Mar 2024 12:22:25 INFO  valid result: 
recall@10 : 0.8721    mrr@10 : 0.6255    ndcg@10 : 0.674    hit@10 : 0.8974    precision@10 : 0.1055
Mon 11 Mar 2024 12:22:25 INFO  Saving current: saved/RecVAE-Mar-11-2024_09-11-24.pth
Mon 11 Mar 2024 12:23:19 INFO  epoch 11 training [time: 53.30s, train loss: 3218.8861]
Mon 11 Mar 2024 12:39:20 INFO  epoch 11 evaluating [time: 961.47s, valid_score: 0.627100]
Mon 11 Mar 2024 12:39:20 INFO  valid result: 
recall@10 : 0.8732    mrr@10 : 0.6271    ndcg@10 : 0.6755    hit@10 : 0.8985    precision@10 : 0.1056
Mon 11 Mar 2024 12:39:20 INFO  Saving current: saved/RecVAE-Mar-11-2024_09-11-24.pth
Mon 11 Mar 2024 12:40:13 INFO  epoch 12 training [time: 52.98s, train loss: 3244.1566]
Mon 11 Mar 2024 12:56:39 INFO  epoch 12 evaluating [time: 986.02s, valid_score: 0.627100]
Mon 11 Mar 2024 12:56:39 INFO  valid result: 
recall@10 : 0.8731    mrr@10 : 0.6271    ndcg@10 : 0.6756    hit@10 : 0.8983    precision@10 : 0.1056
Mon 11 Mar 2024 12:56:39 INFO  Saving current: saved/RecVAE-Mar-11-2024_09-11-24.pth
Mon 11 Mar 2024 12:57:34 INFO  epoch 13 training [time: 54.13s, train loss: 3296.3821]
Mon 11 Mar 2024 13:13:21 INFO  epoch 13 evaluating [time: 947.67s, valid_score: 0.627600]
Mon 11 Mar 2024 13:13:21 INFO  valid result: 
recall@10 : 0.8738    mrr@10 : 0.6276    ndcg@10 : 0.6761    hit@10 : 0.8991    precision@10 : 0.1057
Mon 11 Mar 2024 13:13:21 INFO  Saving current: saved/RecVAE-Mar-11-2024_09-11-24.pth
Mon 11 Mar 2024 13:14:15 INFO  epoch 14 training [time: 53.81s, train loss: 3373.7112]
Mon 11 Mar 2024 13:30:15 INFO  epoch 14 evaluating [time: 959.95s, valid_score: 0.628000]
Mon 11 Mar 2024 13:30:15 INFO  valid result: 
recall@10 : 0.8737    mrr@10 : 0.628    ndcg@10 : 0.6763    hit@10 : 0.899    precision@10 : 0.1057
Mon 11 Mar 2024 13:30:15 INFO  Saving current: saved/RecVAE-Mar-11-2024_09-11-24.pth
Mon 11 Mar 2024 13:31:09 INFO  epoch 15 training [time: 53.69s, train loss: 3460.1695]
Mon 11 Mar 2024 13:46:45 INFO  epoch 15 evaluating [time: 936.12s, valid_score: 0.628100]
Mon 11 Mar 2024 13:46:45 INFO  valid result: 
recall@10 : 0.874    mrr@10 : 0.6281    ndcg@10 : 0.6764    hit@10 : 0.8992    precision@10 : 0.1057
Mon 11 Mar 2024 13:46:45 INFO  Saving current: saved/RecVAE-Mar-11-2024_09-11-24.pth
Mon 11 Mar 2024 13:47:40 INFO  epoch 16 training [time: 55.04s, train loss: 3468.0075]
Mon 11 Mar 2024 14:03:52 INFO  epoch 16 evaluating [time: 971.35s, valid_score: 0.627900]
Mon 11 Mar 2024 14:03:52 INFO  valid result: 
recall@10 : 0.8745    mrr@10 : 0.6279    ndcg@10 : 0.6765    hit@10 : 0.8997    precision@10 : 0.1058
Mon 11 Mar 2024 14:04:42 INFO  epoch 17 training [time: 49.93s, train loss: 3579.0569]
Mon 11 Mar 2024 14:18:49 INFO  epoch 17 evaluating [time: 847.01s, valid_score: 0.628000]
Mon 11 Mar 2024 14:18:49 INFO  valid result: 
recall@10 : 0.8749    mrr@10 : 0.628    ndcg@10 : 0.6767    hit@10 : 0.9    precision@10 : 0.1058
Mon 11 Mar 2024 14:19:38 INFO  epoch 18 training [time: 49.87s, train loss: 3598.0696]
Mon 11 Mar 2024 14:34:33 INFO  epoch 18 evaluating [time: 894.64s, valid_score: 0.629500]
Mon 11 Mar 2024 14:34:33 INFO  valid result: 
recall@10 : 0.8752    mrr@10 : 0.6295    ndcg@10 : 0.6778    hit@10 : 0.9003    precision@10 : 0.1058
Mon 11 Mar 2024 14:34:33 INFO  Saving current: saved/RecVAE-Mar-11-2024_09-11-24.pth
Mon 11 Mar 2024 14:35:23 INFO  epoch 19 training [time: 49.89s, train loss: 3684.3471]
Mon 11 Mar 2024 14:52:37 INFO  epoch 19 evaluating [time: 1033.94s, valid_score: 0.629400]
Mon 11 Mar 2024 14:52:37 INFO  valid result: 
recall@10 : 0.8754    mrr@10 : 0.6294    ndcg@10 : 0.6778    hit@10 : 0.9006    precision@10 : 0.1058
Mon 11 Mar 2024 14:53:27 INFO  epoch 20 training [time: 49.88s, train loss: 3706.2687]
Mon 11 Mar 2024 15:11:36 INFO  epoch 20 evaluating [time: 1088.95s, valid_score: 0.629800]
Mon 11 Mar 2024 15:11:36 INFO  valid result: 
recall@10 : 0.8753    mrr@10 : 0.6298    ndcg@10 : 0.6781    hit@10 : 0.9005    precision@10 : 0.1058
Mon 11 Mar 2024 15:11:36 INFO  Saving current: saved/RecVAE-Mar-11-2024_09-11-24.pth
Mon 11 Mar 2024 15:12:26 INFO  epoch 21 training [time: 49.88s, train loss: 3734.2055]
Mon 11 Mar 2024 15:26:25 INFO  epoch 21 evaluating [time: 838.79s, valid_score: 0.629700]
Mon 11 Mar 2024 15:26:25 INFO  valid result: 
recall@10 : 0.8754    mrr@10 : 0.6297    ndcg@10 : 0.6781    hit@10 : 0.9006    precision@10 : 0.1058
Mon 11 Mar 2024 15:27:15 INFO  epoch 22 training [time: 49.92s, train loss: 3746.4313]
Mon 11 Mar 2024 15:41:47 INFO  epoch 22 evaluating [time: 872.75s, valid_score: 0.629900]
Mon 11 Mar 2024 15:41:47 INFO  valid result: 
recall@10 : 0.8752    mrr@10 : 0.6299    ndcg@10 : 0.6781    hit@10 : 0.9005    precision@10 : 0.1058
Mon 11 Mar 2024 15:41:47 INFO  Saving current: saved/RecVAE-Mar-11-2024_09-11-24.pth
Mon 11 Mar 2024 15:42:37 INFO  epoch 23 training [time: 49.92s, train loss: 3820.5671]
Mon 11 Mar 2024 15:57:06 INFO  epoch 23 evaluating [time: 868.80s, valid_score: 0.630000]
Mon 11 Mar 2024 15:57:06 INFO  valid result: 
recall@10 : 0.8754    mrr@10 : 0.63    ndcg@10 : 0.6782    hit@10 : 0.9006    precision@10 : 0.1058
Mon 11 Mar 2024 15:57:06 INFO  Saving current: saved/RecVAE-Mar-11-2024_09-11-24.pth
Mon 11 Mar 2024 15:57:56 INFO  epoch 24 training [time: 49.88s, train loss: 3870.5343]
Mon 11 Mar 2024 16:12:26 INFO  epoch 24 evaluating [time: 869.86s, valid_score: 0.630100]
Mon 11 Mar 2024 16:12:26 INFO  valid result: 
recall@10 : 0.876    mrr@10 : 0.6301    ndcg@10 : 0.6785    hit@10 : 0.9011    precision@10 : 0.1059
Mon 11 Mar 2024 16:12:26 INFO  Saving current: saved/RecVAE-Mar-11-2024_09-11-24.pth
Mon 11 Mar 2024 16:13:16 INFO  epoch 25 training [time: 49.91s, train loss: 3897.1830]
Mon 11 Mar 2024 16:26:39 INFO  epoch 25 evaluating [time: 803.17s, valid_score: 0.630700]
Mon 11 Mar 2024 16:26:39 INFO  valid result: 
recall@10 : 0.8758    mrr@10 : 0.6307    ndcg@10 : 0.6789    hit@10 : 0.901    precision@10 : 0.1059
Mon 11 Mar 2024 16:26:39 INFO  Saving current: saved/RecVAE-Mar-11-2024_09-11-24.pth
Mon 11 Mar 2024 16:27:29 INFO  epoch 26 training [time: 49.92s, train loss: 3905.6690]
Mon 11 Mar 2024 16:44:31 INFO  epoch 26 evaluating [time: 1021.65s, valid_score: 0.631100]
Mon 11 Mar 2024 16:44:31 INFO  valid result: 
recall@10 : 0.8764    mrr@10 : 0.6311    ndcg@10 : 0.6793    hit@10 : 0.9016    precision@10 : 0.1059
Mon 11 Mar 2024 16:44:31 INFO  Saving current: saved/RecVAE-Mar-11-2024_09-11-24.pth
Mon 11 Mar 2024 16:45:21 INFO  epoch 27 training [time: 49.92s, train loss: 3966.0211]
Mon 11 Mar 2024 17:02:13 INFO  epoch 27 evaluating [time: 1012.35s, valid_score: 0.630900]
Mon 11 Mar 2024 17:02:13 INFO  valid result: 
recall@10 : 0.8761    mrr@10 : 0.6309    ndcg@10 : 0.6791    hit@10 : 0.9013    precision@10 : 0.1059
Mon 11 Mar 2024 17:03:03 INFO  epoch 28 training [time: 49.85s, train loss: 3984.5604]
Mon 11 Mar 2024 17:17:05 INFO  epoch 28 evaluating [time: 842.02s, valid_score: 0.631900]
Mon 11 Mar 2024 17:17:05 INFO  valid result: 
recall@10 : 0.8769    mrr@10 : 0.6319    ndcg@10 : 0.6801    hit@10 : 0.902    precision@10 : 0.106
Mon 11 Mar 2024 17:17:05 INFO  Saving current: saved/RecVAE-Mar-11-2024_09-11-24.pth
Mon 11 Mar 2024 17:17:55 INFO  epoch 29 training [time: 49.85s, train loss: 4015.2988]
Mon 11 Mar 2024 17:35:27 INFO  epoch 29 evaluating [time: 1051.57s, valid_score: 0.631400]
Mon 11 Mar 2024 17:35:27 INFO  valid result: 
recall@10 : 0.8764    mrr@10 : 0.6314    ndcg@10 : 0.6795    hit@10 : 0.9017    precision@10 : 0.1059
Mon 11 Mar 2024 17:35:27 INFO  Loading model structure and parameters from saved/RecVAE-Mar-11-2024_09-11-24.pth
Mon 11 Mar 2024 18:02:10 INFO  The running environment of this training is as follows:
+-------------+----------------+
| Environment |     Usage      |
+=============+================+
| CPU         |     0.10 %     |
+-------------+----------------+
| GPU         | 5.85 G/7.78 G  |
+-------------+----------------+
| Memory      | 3.47 G/31.11 G |
+-------------+----------------+
Mon 11 Mar 2024 18:02:10 INFO  best valid : OrderedDict([('recall@10', 0.8769), ('mrr@10', 0.6319), ('ndcg@10', 0.6801), ('hit@10', 0.902), ('precision@10', 0.106)])
Mon 11 Mar 2024 18:02:10 INFO  test result: OrderedDict([('recall@10', 0.8617), ('mrr@10', 0.6068), ('ndcg@10', 0.6609), ('hit@10', 0.8782), ('precision@10', 0.0984)])
