Fri 08 Mar 2024 18:14:51 INFO  ['run_vae_experiment_2.py', '{\n    "model":"RecVAE", "mlp_hidden_size":128, "latent_dim":64, "epochs":100, "eval_batch_size":2048, "train_batch_size":2048, \n    "data_path": "/home/developer/Documents/GitHub/System_Rekomendacyjny_z_VAE/Praktyka/recbole_test/dataset",\n    "dataset": "wyoming",\n    "eval_args": {\n        "split": {"RS": [0.8, 0.1, 0.1]},\n        "order": "RO",\n        "group_by": "user",\n        "mode": {"valid": "uni100", "test": "uni100"},\n        "valid_neg_sample_args": {"distribution": "uniform", "sample_num": 1},\n        "test_neg_sample_args": {"distribution": "uniform", "sample_num": 1}\n    },\n    "metrics": ["Recall", "MRR", "NDCG", "Hit", "Precision"]}']
Fri 08 Mar 2024 18:14:51 INFO  
General Hyper Parameters:
gpu_id = 0
use_gpu = True
seed = 2020
state = INFO
reproducibility = True
data_path = /home/developer/Documents/GitHub/System_Rekomendacyjny_z_VAE/Praktyka/recbole_test/dataset/wyoming
checkpoint_dir = saved
show_progress = True
save_dataset = False
dataset_save_path = None
save_dataloaders = False
dataloaders_save_path = None
log_wandb = False

Training Hyper Parameters:
epochs = 100
train_batch_size = 2048
learner = adam
learning_rate = 0.001
train_neg_sample_args = {'distribution': 'uniform', 'sample_num': 1, 'alpha': 1.0, 'dynamic': False, 'candidate_num': 0}
eval_step = 1
stopping_step = 10
clip_grad_norm = None
weight_decay = 0.0
loss_decimal_place = 4

Evaluation Hyper Parameters:
eval_args = {'split': {'RS': [0.8, 0.1, 0.1]}, 'order': 'RO', 'group_by': 'user', 'mode': {'valid': 'uni100', 'test': 'uni100'}, 'valid_neg_sample_args': {'distribution': 'uniform', 'sample_num': 1}, 'test_neg_sample_args': {'distribution': 'uniform', 'sample_num': 1}}
repeatable = False
metrics = ['Recall', 'MRR', 'NDCG', 'Hit', 'Precision']
topk = [10]
valid_metric = MRR@10
valid_metric_bigger = True
eval_batch_size = 2048
metric_decimal_place = 4

Dataset Hyper Parameters:
field_separator = 	
seq_separator =  
USER_ID_FIELD = user_id
ITEM_ID_FIELD = item_id
RATING_FIELD = rating
TIME_FIELD = timestamp
seq_len = None
LABEL_FIELD = label
threshold = None
NEG_PREFIX = neg_
load_col = {'inter': ['user_id', 'item_id']}
unload_col = None
unused_col = None
additional_feat_suffix = None
rm_dup_inter = None
val_interval = None
filter_inter_by_user_or_item = True
user_inter_num_interval = [0,inf)
item_inter_num_interval = [0,inf)
alias_of_user_id = None
alias_of_item_id = None
alias_of_entity_id = None
alias_of_relation_id = None
preload_weight = None
normalize_field = None
normalize_all = None
ITEM_LIST_LENGTH_FIELD = item_length
LIST_SUFFIX = _list
MAX_ITEM_LIST_LENGTH = 50
POSITION_FIELD = position_id
HEAD_ENTITY_ID_FIELD = head_id
TAIL_ENTITY_ID_FIELD = tail_id
RELATION_ID_FIELD = relation_id
ENTITY_ID_FIELD = entity_id
benchmark_filename = None

Other Hyper Parameters: 
worker = 0
wandb_project = recbole
shuffle = True
require_pow = False
enable_amp = False
enable_scaler = False
transform = None
hidden_dimension = 600
latent_dimension = 200
dropout_prob = 0.5
beta = 0.2
gamma = 0.005
mixture_weights = [0.15, 0.75, 0.1]
n_enc_epochs = 3
n_dec_epochs = 1
numerical_features = []
discretization = None
kg_reverse_r = False
entity_kg_num_interval = [0,inf)
relation_kg_num_interval = [0,inf)
MODEL_TYPE = ModelType.GENERAL
mlp_hidden_size = 128
latent_dim = 64
MODEL_INPUT_TYPE = InputType.PAIRWISE
eval_type = EvaluatorType.RANKING
single_spec = True
local_rank = 0
device = cuda
valid_neg_sample_args = {'distribution': 'uniform', 'sample_num': 100}
test_neg_sample_args = {'distribution': 'uniform', 'sample_num': 100}


Fri 08 Mar 2024 18:14:52 INFO  wyoming
The number of users: 181063
Average actions of users: 2.396477449713358
The number of items: 1846
Average actions of items: 235.18211382113822
The number of inters: 433911
The sparsity of the dataset: 99.87018070346082%
Remain Fields: ['user_id', 'item_id']
Fri 08 Mar 2024 18:14:53 INFO  [Training]: train_batch_size = [2048] train_neg_sample_args: [{'distribution': 'uniform', 'sample_num': 1, 'alpha': 1.0, 'dynamic': False, 'candidate_num': 0}]
Fri 08 Mar 2024 18:14:53 INFO  [Evaluation]: eval_batch_size = [2048] eval_args: [{'split': {'RS': [0.8, 0.1, 0.1]}, 'order': 'RO', 'group_by': 'user', 'mode': {'valid': 'uni100', 'test': 'uni100'}, 'valid_neg_sample_args': {'distribution': 'uniform', 'sample_num': 1}, 'test_neg_sample_args': {'distribution': 'uniform', 'sample_num': 1}}]
Fri 08 Mar 2024 18:14:54 INFO  RecVAE(
  (encoder): Encoder(
    (fc1): Linear(in_features=1846, out_features=600, bias=True)
    (ln1): LayerNorm((600,), eps=0.1, elementwise_affine=True)
    (fc2): Linear(in_features=600, out_features=600, bias=True)
    (ln2): LayerNorm((600,), eps=0.1, elementwise_affine=True)
    (fc3): Linear(in_features=600, out_features=600, bias=True)
    (ln3): LayerNorm((600,), eps=0.1, elementwise_affine=True)
    (fc4): Linear(in_features=600, out_features=600, bias=True)
    (ln4): LayerNorm((600,), eps=0.1, elementwise_affine=True)
    (fc5): Linear(in_features=600, out_features=600, bias=True)
    (ln5): LayerNorm((600,), eps=0.1, elementwise_affine=True)
    (fc_mu): Linear(in_features=600, out_features=200, bias=True)
    (fc_logvar): Linear(in_features=600, out_features=200, bias=True)
  )
  (prior): CompositePrior(
    (encoder_old): Encoder(
      (fc1): Linear(in_features=1846, out_features=600, bias=True)
      (ln1): LayerNorm((600,), eps=0.1, elementwise_affine=True)
      (fc2): Linear(in_features=600, out_features=600, bias=True)
      (ln2): LayerNorm((600,), eps=0.1, elementwise_affine=True)
      (fc3): Linear(in_features=600, out_features=600, bias=True)
      (ln3): LayerNorm((600,), eps=0.1, elementwise_affine=True)
      (fc4): Linear(in_features=600, out_features=600, bias=True)
      (ln4): LayerNorm((600,), eps=0.1, elementwise_affine=True)
      (fc5): Linear(in_features=600, out_features=600, bias=True)
      (ln5): LayerNorm((600,), eps=0.1, elementwise_affine=True)
      (fc_mu): Linear(in_features=600, out_features=200, bias=True)
      (fc_logvar): Linear(in_features=600, out_features=200, bias=True)
    )
  )
  (decoder): Linear(in_features=200, out_features=1846, bias=True)
)
Trainable parameters: 3168046
Fri 08 Mar 2024 18:14:54 INFO  FLOPs: 3162800.0
Fri 08 Mar 2024 18:14:58 INFO  epoch 0 training [time: 4.10s, train loss: 89.9070]
Fri 08 Mar 2024 18:15:43 INFO  epoch 0 evaluating [time: 44.29s, valid_score: 0.327200]
Fri 08 Mar 2024 18:15:43 INFO  valid result: 
recall@10 : 0.6168    mrr@10 : 0.3272    ndcg@10 : 0.391    hit@10 : 0.6332    precision@10 : 0.0681
Fri 08 Mar 2024 18:15:43 INFO  Saving current: saved/RecVAE-Mar-08-2024_18-14-54.pth
Fri 08 Mar 2024 18:15:47 INFO  epoch 1 training [time: 3.99s, train loss: 60.3927]
Fri 08 Mar 2024 18:16:43 INFO  epoch 1 evaluating [time: 56.00s, valid_score: 0.466700]
Fri 08 Mar 2024 18:16:43 INFO  valid result: 
recall@10 : 0.7899    mrr@10 : 0.4667    ndcg@10 : 0.5392    hit@10 : 0.8051    precision@10 : 0.086
Fri 08 Mar 2024 18:16:43 INFO  Saving current: saved/RecVAE-Mar-08-2024_18-14-54.pth
Fri 08 Mar 2024 18:16:47 INFO  epoch 2 training [time: 4.02s, train loss: 66.7919]
Fri 08 Mar 2024 18:18:03 INFO  epoch 2 evaluating [time: 76.69s, valid_score: 0.479100]
Fri 08 Mar 2024 18:18:03 INFO  valid result: 
recall@10 : 0.8083    mrr@10 : 0.4791    ndcg@10 : 0.5531    hit@10 : 0.8233    precision@10 : 0.0878
Fri 08 Mar 2024 18:18:03 INFO  Saving current: saved/RecVAE-Mar-08-2024_18-14-54.pth
Fri 08 Mar 2024 18:18:07 INFO  epoch 3 training [time: 4.00s, train loss: 95.5867]
Fri 08 Mar 2024 18:19:13 INFO  epoch 3 evaluating [time: 65.50s, valid_score: 0.485900]
Fri 08 Mar 2024 18:19:13 INFO  valid result: 
recall@10 : 0.8167    mrr@10 : 0.4859    ndcg@10 : 0.5601    hit@10 : 0.8316    precision@10 : 0.0888
Fri 08 Mar 2024 18:19:13 INFO  Saving current: saved/RecVAE-Mar-08-2024_18-14-54.pth
Fri 08 Mar 2024 18:19:17 INFO  epoch 4 training [time: 4.01s, train loss: 103.9341]
Fri 08 Mar 2024 18:20:03 INFO  epoch 4 evaluating [time: 46.01s, valid_score: 0.492100]
Fri 08 Mar 2024 18:20:03 INFO  valid result: 
recall@10 : 0.8199    mrr@10 : 0.4921    ndcg@10 : 0.5657    hit@10 : 0.8348    precision@10 : 0.0891
Fri 08 Mar 2024 18:20:03 INFO  Saving current: saved/RecVAE-Mar-08-2024_18-14-54.pth
Fri 08 Mar 2024 18:20:07 INFO  epoch 5 training [time: 3.96s, train loss: 121.1056]
Fri 08 Mar 2024 18:20:57 INFO  epoch 5 evaluating [time: 50.37s, valid_score: 0.493500]
Fri 08 Mar 2024 18:20:57 INFO  valid result: 
recall@10 : 0.8244    mrr@10 : 0.4935    ndcg@10 : 0.5678    hit@10 : 0.839    precision@10 : 0.0895
Fri 08 Mar 2024 18:20:57 INFO  Saving current: saved/RecVAE-Mar-08-2024_18-14-54.pth
Fri 08 Mar 2024 18:21:01 INFO  epoch 6 training [time: 4.03s, train loss: 136.4217]
Fri 08 Mar 2024 18:22:04 INFO  epoch 6 evaluating [time: 62.36s, valid_score: 0.494600]
Fri 08 Mar 2024 18:22:04 INFO  valid result: 
recall@10 : 0.8242    mrr@10 : 0.4946    ndcg@10 : 0.5687    hit@10 : 0.8387    precision@10 : 0.0895
Fri 08 Mar 2024 18:22:04 INFO  Saving current: saved/RecVAE-Mar-08-2024_18-14-54.pth
Fri 08 Mar 2024 18:22:08 INFO  epoch 7 training [time: 4.01s, train loss: 140.0505]
Fri 08 Mar 2024 18:23:14 INFO  epoch 7 evaluating [time: 66.51s, valid_score: 0.493800]
Fri 08 Mar 2024 18:23:14 INFO  valid result: 
recall@10 : 0.824    mrr@10 : 0.4938    ndcg@10 : 0.568    hit@10 : 0.8385    precision@10 : 0.0894
Fri 08 Mar 2024 18:23:18 INFO  epoch 8 training [time: 3.97s, train loss: 149.0436]
Fri 08 Mar 2024 18:24:04 INFO  epoch 8 evaluating [time: 45.49s, valid_score: 0.495000]
Fri 08 Mar 2024 18:24:04 INFO  valid result: 
recall@10 : 0.824    mrr@10 : 0.495    ndcg@10 : 0.5691    hit@10 : 0.8384    precision@10 : 0.0895
Fri 08 Mar 2024 18:24:04 INFO  Saving current: saved/RecVAE-Mar-08-2024_18-14-54.pth
Fri 08 Mar 2024 18:24:08 INFO  epoch 9 training [time: 4.02s, train loss: 160.1357]
Fri 08 Mar 2024 18:25:07 INFO  epoch 9 evaluating [time: 59.41s, valid_score: 0.497500]
Fri 08 Mar 2024 18:25:07 INFO  valid result: 
recall@10 : 0.826    mrr@10 : 0.4975    ndcg@10 : 0.5712    hit@10 : 0.8406    precision@10 : 0.0896
Fri 08 Mar 2024 18:25:07 INFO  Saving current: saved/RecVAE-Mar-08-2024_18-14-54.pth
Fri 08 Mar 2024 18:25:11 INFO  epoch 10 training [time: 3.98s, train loss: 159.4001]
Fri 08 Mar 2024 18:26:00 INFO  epoch 10 evaluating [time: 48.83s, valid_score: 0.496500]
Fri 08 Mar 2024 18:26:00 INFO  valid result: 
recall@10 : 0.8223    mrr@10 : 0.4965    ndcg@10 : 0.5697    hit@10 : 0.8368    precision@10 : 0.0893
Fri 08 Mar 2024 18:26:04 INFO  epoch 11 training [time: 4.02s, train loss: 163.1358]
Fri 08 Mar 2024 18:27:06 INFO  epoch 11 evaluating [time: 62.43s, valid_score: 0.496500]
Fri 08 Mar 2024 18:27:06 INFO  valid result: 
recall@10 : 0.8246    mrr@10 : 0.4965    ndcg@10 : 0.5702    hit@10 : 0.8394    precision@10 : 0.0895
Fri 08 Mar 2024 18:27:10 INFO  epoch 12 training [time: 4.00s, train loss: 160.6116]
Fri 08 Mar 2024 18:27:57 INFO  epoch 12 evaluating [time: 46.63s, valid_score: 0.495300]
Fri 08 Mar 2024 18:27:57 INFO  valid result: 
recall@10 : 0.8251    mrr@10 : 0.4953    ndcg@10 : 0.5693    hit@10 : 0.8397    precision@10 : 0.0896
Fri 08 Mar 2024 18:28:01 INFO  epoch 13 training [time: 3.99s, train loss: 157.5190]
Fri 08 Mar 2024 18:29:26 INFO  epoch 13 evaluating [time: 85.24s, valid_score: 0.497600]
Fri 08 Mar 2024 18:29:26 INFO  valid result: 
recall@10 : 0.8245    mrr@10 : 0.4976    ndcg@10 : 0.5707    hit@10 : 0.8393    precision@10 : 0.0894
Fri 08 Mar 2024 18:29:26 INFO  Saving current: saved/RecVAE-Mar-08-2024_18-14-54.pth
Fri 08 Mar 2024 18:29:30 INFO  epoch 14 training [time: 4.02s, train loss: 163.6260]
Fri 08 Mar 2024 18:30:44 INFO  epoch 14 evaluating [time: 73.15s, valid_score: 0.497200]
Fri 08 Mar 2024 18:30:44 INFO  valid result: 
recall@10 : 0.8245    mrr@10 : 0.4972    ndcg@10 : 0.5707    hit@10 : 0.8394    precision@10 : 0.0894
Fri 08 Mar 2024 18:30:48 INFO  epoch 15 training [time: 4.00s, train loss: 172.8913]
Fri 08 Mar 2024 18:31:42 INFO  epoch 15 evaluating [time: 54.37s, valid_score: 0.498300]
Fri 08 Mar 2024 18:31:42 INFO  valid result: 
recall@10 : 0.8242    mrr@10 : 0.4983    ndcg@10 : 0.5714    hit@10 : 0.8392    precision@10 : 0.0894
Fri 08 Mar 2024 18:31:42 INFO  Saving current: saved/RecVAE-Mar-08-2024_18-14-54.pth
Fri 08 Mar 2024 18:31:46 INFO  epoch 16 training [time: 3.99s, train loss: 172.0176]
Fri 08 Mar 2024 18:32:34 INFO  epoch 16 evaluating [time: 48.25s, valid_score: 0.498400]
Fri 08 Mar 2024 18:32:34 INFO  valid result: 
recall@10 : 0.8246    mrr@10 : 0.4984    ndcg@10 : 0.5715    hit@10 : 0.8393    precision@10 : 0.0895
Fri 08 Mar 2024 18:32:34 INFO  Saving current: saved/RecVAE-Mar-08-2024_18-14-54.pth
Fri 08 Mar 2024 18:32:38 INFO  epoch 17 training [time: 3.99s, train loss: 167.9997]
Fri 08 Mar 2024 18:33:25 INFO  epoch 17 evaluating [time: 46.75s, valid_score: 0.499600]
Fri 08 Mar 2024 18:33:25 INFO  valid result: 
recall@10 : 0.8231    mrr@10 : 0.4996    ndcg@10 : 0.5721    hit@10 : 0.8378    precision@10 : 0.0893
Fri 08 Mar 2024 18:33:25 INFO  Saving current: saved/RecVAE-Mar-08-2024_18-14-54.pth
Fri 08 Mar 2024 18:33:29 INFO  epoch 18 training [time: 3.97s, train loss: 178.2368]
Fri 08 Mar 2024 18:34:15 INFO  epoch 18 evaluating [time: 46.22s, valid_score: 0.496900]
Fri 08 Mar 2024 18:34:15 INFO  valid result: 
recall@10 : 0.825    mrr@10 : 0.4969    ndcg@10 : 0.5708    hit@10 : 0.8394    precision@10 : 0.0896
Fri 08 Mar 2024 18:34:19 INFO  epoch 19 training [time: 3.96s, train loss: 183.0077]
Fri 08 Mar 2024 18:35:07 INFO  epoch 19 evaluating [time: 47.55s, valid_score: 0.497200]
Fri 08 Mar 2024 18:35:07 INFO  valid result: 
recall@10 : 0.823    mrr@10 : 0.4972    ndcg@10 : 0.5703    hit@10 : 0.8377    precision@10 : 0.0893
Fri 08 Mar 2024 18:35:11 INFO  epoch 20 training [time: 3.97s, train loss: 177.9362]
Fri 08 Mar 2024 18:36:16 INFO  epoch 20 evaluating [time: 65.51s, valid_score: 0.495300]
Fri 08 Mar 2024 18:36:16 INFO  valid result: 
recall@10 : 0.8231    mrr@10 : 0.4953    ndcg@10 : 0.5689    hit@10 : 0.8381    precision@10 : 0.0893
Fri 08 Mar 2024 18:36:20 INFO  epoch 21 training [time: 3.97s, train loss: 174.2907]
Fri 08 Mar 2024 18:37:07 INFO  epoch 21 evaluating [time: 47.25s, valid_score: 0.496200]
Fri 08 Mar 2024 18:37:07 INFO  valid result: 
recall@10 : 0.8232    mrr@10 : 0.4962    ndcg@10 : 0.5696    hit@10 : 0.8379    precision@10 : 0.0893
Fri 08 Mar 2024 18:37:11 INFO  epoch 22 training [time: 3.99s, train loss: 188.5147]
Fri 08 Mar 2024 18:37:57 INFO  epoch 22 evaluating [time: 45.86s, valid_score: 0.497000]
Fri 08 Mar 2024 18:37:57 INFO  valid result: 
recall@10 : 0.8222    mrr@10 : 0.497    ndcg@10 : 0.57    hit@10 : 0.837    precision@10 : 0.0892
Fri 08 Mar 2024 18:38:01 INFO  epoch 23 training [time: 3.97s, train loss: 196.1892]
Fri 08 Mar 2024 18:39:26 INFO  epoch 23 evaluating [time: 85.16s, valid_score: 0.494800]
Fri 08 Mar 2024 18:39:26 INFO  valid result: 
recall@10 : 0.8212    mrr@10 : 0.4948    ndcg@10 : 0.568    hit@10 : 0.836    precision@10 : 0.0891
Fri 08 Mar 2024 18:39:30 INFO  epoch 24 training [time: 4.03s, train loss: 189.2411]
Fri 08 Mar 2024 18:40:18 INFO  epoch 24 evaluating [time: 47.74s, valid_score: 0.494000]
Fri 08 Mar 2024 18:40:18 INFO  valid result: 
recall@10 : 0.8221    mrr@10 : 0.494    ndcg@10 : 0.5676    hit@10 : 0.8371    precision@10 : 0.0892
Fri 08 Mar 2024 18:40:22 INFO  epoch 25 training [time: 4.00s, train loss: 196.1709]
Fri 08 Mar 2024 18:41:20 INFO  epoch 25 evaluating [time: 57.39s, valid_score: 0.495300]
Fri 08 Mar 2024 18:41:20 INFO  valid result: 
recall@10 : 0.8217    mrr@10 : 0.4953    ndcg@10 : 0.5686    hit@10 : 0.8366    precision@10 : 0.0892
Fri 08 Mar 2024 18:41:24 INFO  epoch 26 training [time: 3.99s, train loss: 209.9433]
Fri 08 Mar 2024 18:42:15 INFO  epoch 26 evaluating [time: 50.96s, valid_score: 0.495400]
Fri 08 Mar 2024 18:42:15 INFO  valid result: 
recall@10 : 0.8218    mrr@10 : 0.4954    ndcg@10 : 0.5685    hit@10 : 0.8364    precision@10 : 0.0892
Fri 08 Mar 2024 18:42:19 INFO  epoch 27 training [time: 3.99s, train loss: 193.1475]
Fri 08 Mar 2024 18:43:03 INFO  epoch 27 evaluating [time: 44.55s, valid_score: 0.495000]
Fri 08 Mar 2024 18:43:03 INFO  valid result: 
recall@10 : 0.8202    mrr@10 : 0.495    ndcg@10 : 0.5682    hit@10 : 0.8348    precision@10 : 0.089
Fri 08 Mar 2024 18:43:07 INFO  epoch 28 training [time: 3.96s, train loss: 203.5914]
Fri 08 Mar 2024 18:43:53 INFO  epoch 28 evaluating [time: 45.98s, valid_score: 0.493800]
Fri 08 Mar 2024 18:43:53 INFO  valid result: 
recall@10 : 0.8196    mrr@10 : 0.4938    ndcg@10 : 0.5671    hit@10 : 0.8346    precision@10 : 0.0889
Fri 08 Mar 2024 18:43:53 INFO  Finished training, best eval result in epoch 17
Fri 08 Mar 2024 18:43:53 INFO  Loading model structure and parameters from saved/RecVAE-Mar-08-2024_18-14-54.pth
Fri 08 Mar 2024 18:45:54 INFO  The running environment of this training is as follows:
+-------------+----------------+
| Environment |     Usage      |
+=============+================+
| CPU         |     0.90 %     |
+-------------+----------------+
| GPU         | 0.54 G/7.78 G  |
+-------------+----------------+
| Memory      | 1.54 G/31.11 G |
+-------------+----------------+
Fri 08 Mar 2024 18:45:54 INFO  best valid : OrderedDict([('recall@10', 0.8231), ('mrr@10', 0.4996), ('ndcg@10', 0.5721), ('hit@10', 0.8378), ('precision@10', 0.0893)])
Fri 08 Mar 2024 18:45:54 INFO  test result: OrderedDict([('recall@10', 0.7973), ('mrr@10', 0.481), ('ndcg@10', 0.5538), ('hit@10', 0.8052), ('precision@10', 0.0838)])
